TN:
SF:src/database/db.ts
FNF:0
FNH:0
DA:1,1
DA:2,1
DA:3,1
DA:4,1
DA:5,1
DA:6,1
DA:7,1
DA:8,1
DA:9,1
DA:10,1
DA:11,1
DA:12,1
DA:13,1
DA:14,1
LF:14
LH:14
BRDA:10,0,0,0
BRF:1
BRH:0
end_of_record
TN:
SF:src/middleware/AuthMiddleware.ts
FN:6,EmailCheck
FN:21,HashPassword
FN:32,VerifyPassword
FN:44,EncryptPassword
FN:56,DecryptPassword
FNF:5
FNH:4
FNDA:0,EmailCheck
FNDA:16,HashPassword
FNDA:8,VerifyPassword
FNDA:16,EncryptPassword
FNDA:16,DecryptPassword
DA:1,1
DA:2,1
DA:3,1
DA:4,1
DA:5,1
DA:6,1
DA:7,0
DA:8,0
DA:9,0
DA:10,0
DA:11,0
DA:12,0
DA:13,0
DA:14,0
DA:15,0
DA:16,0
DA:17,0
DA:18,0
DA:19,1
DA:20,1
DA:21,1
DA:22,16
DA:23,16
DA:24,16
DA:25,16
DA:26,16
DA:27,16
DA:28,16
DA:29,1
DA:30,1
DA:31,1
DA:32,1
DA:33,8
DA:34,8
DA:35,8
DA:36,8
DA:37,8
DA:38,0
DA:39,8
DA:40,1
DA:41,1
DA:42,1
DA:43,1
DA:44,1
DA:45,16
DA:46,16
DA:47,16
DA:48,16
DA:49,16
DA:50,16
DA:51,16
DA:52,16
DA:53,1
DA:54,1
DA:55,1
DA:56,1
DA:57,16
DA:58,16
DA:59,16
DA:60,16
DA:61,16
DA:62,16
DA:63,16
DA:64,16
DA:65,16
DA:66,16
DA:67,16
DA:68,16
DA:69,16
LF:69
LH:56
BRDA:21,0,0,16
BRDA:32,1,0,8
BRDA:38,2,0,0
BRDA:44,3,0,16
BRDA:56,4,0,16
BRF:5
BRH:4
end_of_record
TN:
SF:src/utils/errors/dberrors.ts
FN:2,DatabaseError
FN:10,InsertionError
FN:17,UserNameError
FN:24,EmailError
FN:31,PasswordError
FNF:5
FNH:0
FNDA:0,DatabaseError
FNDA:0,InsertionError
FNDA:0,UserNameError
FNDA:0,EmailError
FNDA:0,PasswordError
DA:1,1
DA:2,1
DA:3,0
DA:4,0
DA:5,0
DA:6,0
DA:7,1
DA:8,1
DA:9,1
DA:10,1
DA:11,0
DA:12,0
DA:13,0
DA:14,1
DA:15,1
DA:16,1
DA:17,1
DA:18,0
DA:19,0
DA:20,0
DA:21,1
DA:22,1
DA:23,1
DA:24,1
DA:25,0
DA:26,0
DA:27,0
DA:28,1
DA:29,1
DA:30,1
DA:31,1
DA:32,0
DA:33,0
DA:34,0
DA:35,1
LF:35
LH:19
BRF:0
BRH:0
end_of_record
