TN:
SF:src/database/db.ts
FN:1,Object.<anonymous>
FN:4,Object.<anonymous>.__importDefault
FNF:2
FNH:2
FNDA:1,Object.<anonymous>
FNDA:1,Object.<anonymous>.__importDefault
DA:1,1
DA:2,1
DA:3,1
DA:4,1
DA:5,1
DA:6,1
DA:7,1
DA:8,1
DA:9,1
DA:10,1
DA:11,1
DA:12,1
DA:13,1
DA:14,1
LF:14
LH:14
BRDA:1,0,0,1
BRDA:1,1,0,1
BRDA:4,2,0,1
BRDA:7,3,0,0
BRF:4
BRH:3
end_of_record
TN:
SF:src/middleware/AuthMiddleware.ts
FN:1,Object.<anonymous>
FN:2,Object.<anonymous>.__importDefault
FN:15,EmailCheck
FN:32,HashPassword
FN:43,VerifyPassword
FN:51,EncryptPassword
FN:64,DecryptPassword
FNF:7
FNH:6
FNDA:1,Object.<anonymous>
FNDA:2,Object.<anonymous>.__importDefault
FNDA:0,EmailCheck
FNDA:8,HashPassword
FNDA:4,VerifyPassword
FNDA:8,EncryptPassword
FNDA:8,DecryptPassword
DA:1,1
DA:2,1
DA:3,2
DA:4,1
DA:5,1
DA:6,1
DA:7,1
DA:8,1
DA:9,1
DA:10,1
DA:11,1
DA:12,1
DA:13,1
DA:14,1
DA:15,1
DA:16,0
DA:17,0
DA:18,0
DA:19,0
DA:20,0
DA:21,0
DA:22,0
DA:23,0
DA:24,0
DA:25,0
DA:26,1
DA:27,1
DA:28,1
DA:29,1
DA:30,1
DA:31,1
DA:32,1
DA:33,8
DA:34,8
DA:35,8
DA:36,8
DA:37,1
DA:38,1
DA:39,1
DA:40,1
DA:41,1
DA:42,1
DA:43,1
DA:44,4
DA:45,4
DA:46,4
DA:47,4
DA:48,0
DA:49,1
DA:50,1
DA:51,1
DA:52,8
DA:53,8
DA:54,8
DA:55,8
DA:56,8
DA:57,8
DA:58,8
DA:59,8
DA:60,1
DA:61,1
DA:62,1
DA:63,1
DA:64,1
DA:65,8
DA:66,8
DA:67,8
DA:68,8
DA:69,8
LF:69
LH:58
BRDA:1,0,0,1
BRDA:1,1,0,1
BRDA:2,2,0,2
BRDA:4,3,0,1
BRDA:4,4,0,1
BRDA:32,5,0,8
BRDA:43,6,0,4
BRDA:48,7,0,0
BRDA:51,8,0,8
BRDA:64,9,0,8
BRF:10
BRH:9
end_of_record
TN:
SF:src/utils/errors/dberrors.ts
FN:1,Object.<anonymous>
FN:9,DatabaseError
FN:18,InsertionError
FN:26,UserNameError
FNF:4
FNH:1
FNDA:1,Object.<anonymous>
FNDA:0,DatabaseError
FNDA:0,InsertionError
FNDA:0,UserNameError
DA:1,1
DA:2,1
DA:3,1
DA:4,1
DA:5,1
DA:6,1
DA:7,1
DA:8,1
DA:9,1
DA:10,0
DA:11,0
DA:12,0
DA:13,0
DA:14,0
DA:15,0
DA:16,1
DA:17,1
DA:18,1
DA:19,0
DA:20,0
DA:21,0
DA:22,0
DA:23,0
DA:24,1
DA:25,1
DA:26,1
DA:27,0
DA:28,0
DA:29,0
DA:30,0
DA:31,0
DA:32,1
DA:33,1
DA:34,1
DA:35,1
LF:35
LH:19
BRDA:1,0,0,1
BRDA:1,1,0,1
BRF:2
BRH:2
end_of_record
